This file contains any messages produced by compilers while
running configure, to aid debugging if configure makes a mistake.

It was created by doors-os configure 0.20, which was
generated by GNU Autoconf 2.61.  Invocation command line was

  $ ./configure --host=i386-elf-doors --enable-debug host_alias=i386-elf-doors --no-create --no-recursion

## --------- ##
## Platform. ##
## --------- ##

hostname = epperson-tough
uname -m = i686
uname -r = 2.6.22-14-generic
uname -s = Linux
uname -v = #1 SMP Sun Oct 14 23:05:12 GMT 2007

/usr/bin/uname -p = unknown
/bin/uname -X     = unknown

/bin/arch              = unknown
/usr/bin/arch -k       = unknown
/usr/convex/getsysinfo = unknown
/usr/bin/hostinfo      = unknown
/bin/machine           = unknown
/usr/bin/oslevel       = unknown
/bin/universe          = unknown

PATH: /home/thomas/bin
PATH: /usr/local/sbin
PATH: /usr/local/bin
PATH: /usr/sbin
PATH: /usr/bin
PATH: /sbin
PATH: /bin
PATH: /usr/games


## ----------- ##
## Core tests. ##
## ----------- ##

configure:1838: x86/dma.$(OBJEXT)				\
							  x86/entrance.$(OBJEXT) 		\
							  x86/gdt.$(OBJEXT)				\
							  x86/floppy.$(OBJEXT) 			\
							  x86/gdb-support.$(OBJEXT) 	\
							  x86/gdb-stub.$(OBJEXT)		\
							  x86/interrupt_table.$(OBJEXT)	\
							  x86/keyboard.$(OBJEXT)		\
							  x86/main.$(OBJEXT)			\
							  x86/memory.$(OBJEXT)			\
							  x86/PIC.$(OBJEXT)				\
							  x86/serial.$(OBJEXT)			\
							  x86/spinlock.$(OBJEXT)		\
							  x86/tss.$(OBJEXT)				\
							  x86/video.$(OBJEXT)			\
							  x86/vmm.$(OBJEXT)				\
							  x86/debug.$(OBJEXT)
configure:1840: 
configure:1903: checking for a BSD-compatible install
configure:1959: result: /usr/bin/install -c
configure:1970: checking whether build environment is sane
configure:2013: result: yes
configure:2041: checking for a thread-safe mkdir -p
configure:2080: result: /bin/mkdir -p
configure:2093: checking for gawk
configure:2109: found /usr/bin/gawk
configure:2120: result: gawk
configure:2131: checking whether make sets $(MAKE)
configure:2152: result: yes
configure:2232: checking for i386-elf-doors-strip
configure:2248: found /usr/bin/i386-elf-doors-strip
configure:2259: result: i386-elf-doors-strip
configure:2356: checking for i386-elf-doors-g++
configure:2372: found /usr/bin/i386-elf-doors-g++
configure:2383: result: i386-elf-doors-g++
configure:2458: checking for C++ compiler version
configure:2465: i386-elf-doors-g++ --version >&5
i386-elf-doors-g++ (GCC) 4.2.2
Copyright (C) 2007 Free Software Foundation, Inc.
This is free software; see the source for copying conditions.  There is NO
warranty; not even for MERCHANTABILITY or FITNESS FOR A PARTICULAR PURPOSE.

configure:2468: $? = 0
configure:2475: i386-elf-doors-g++ -v >&5
Using built-in specs.
Target: i386-elf-doors
Configured with: ../gcc-4.2.2/configure --target=i386-elf-doors --prefix=/usr --disable-nls --enable-languages=c,c++
Thread model: single
gcc version 4.2.2
configure:2478: $? = 0
configure:2485: i386-elf-doors-g++ -V >&5
i386-elf-doors-g++: '-V' option must have argument
configure:2488: $? = 1
configure:2511: checking for C++ compiler default output file name
configure:2538: i386-elf-doors-g++    conftest.cpp  >&5
configure:2541: $? = 0
configure:2579: result: a.out
configure:2596: checking whether the C++ compiler works
configure:2606: ./a.out
./configure: line 2607:  8578 Segmentation fault      (core dumped) ./$ac_file
configure:2609: $? = 139
configure:2626: result: yes
configure:2633: checking whether we are cross compiling
configure:2635: result: yes
configure:2638: checking for suffix of executables
configure:2645: i386-elf-doors-g++ -o conftest    conftest.cpp  >&5
configure:2648: $? = 0
configure:2672: result: 
configure:2678: checking for suffix of object files
configure:2704: i386-elf-doors-g++ -c   conftest.cpp >&5
configure:2707: $? = 0
configure:2730: result: o
configure:2734: checking whether we are using the GNU C++ compiler
configure:2763: i386-elf-doors-g++ -c   conftest.cpp >&5
configure:2769: $? = 0
configure:2786: result: yes
configure:2791: checking whether i386-elf-doors-g++ accepts -g
configure:2821: i386-elf-doors-g++ -c -g  conftest.cpp >&5
configure:2827: $? = 0
configure:2926: result: yes
configure:2960: checking for style of include used by make
configure:2988: result: GNU
configure:3013: checking dependency style of i386-elf-doors-g++
configure:3104: result: gcc3
configure:3127: checking for i386-elf-doors-gcc
configure:3143: found /usr/bin/i386-elf-doors-gcc
configure:3154: result: i386-elf-doors-gcc
configure:3432: checking for C compiler version
configure:3439: i386-elf-doors-gcc --version >&5
i386-elf-doors-gcc (GCC) 4.2.2
Copyright (C) 2007 Free Software Foundation, Inc.
This is free software; see the source for copying conditions.  There is NO
warranty; not even for MERCHANTABILITY or FITNESS FOR A PARTICULAR PURPOSE.

configure:3442: $? = 0
configure:3449: i386-elf-doors-gcc -v >&5
Using built-in specs.
Target: i386-elf-doors
Configured with: ../gcc-4.2.2/configure --target=i386-elf-doors --prefix=/usr --disable-nls --enable-languages=c,c++
Thread model: single
gcc version 4.2.2
configure:3452: $? = 0
configure:3459: i386-elf-doors-gcc -V >&5
i386-elf-doors-gcc: '-V' option must have argument
configure:3462: $? = 1
configure:3465: checking whether we are using the GNU C compiler
configure:3494: i386-elf-doors-gcc -c   conftest.c >&5
configure:3500: $? = 0
configure:3517: result: yes
configure:3522: checking whether i386-elf-doors-gcc accepts -g
configure:3552: i386-elf-doors-gcc -c -g  conftest.c >&5
configure:3558: $? = 0
configure:3657: result: yes
configure:3674: checking for i386-elf-doors-gcc option to accept ISO C89
configure:3748: i386-elf-doors-gcc  -c -g -O2  conftest.c >&5
configure:3754: $? = 0
configure:3777: result: none needed
configure:3797: checking dependency style of i386-elf-doors-gcc
configure:3888: result: gcc3
configure:3912: checking dependency style of i386-elf-doors-gcc
configure:4003: result: gcc3
configure:4025: checking for an ANSI C-conforming const
configure:4100: i386-elf-doors-gcc -c -g -O2  conftest.c >&5
configure:4106: $? = 0
configure:4121: result: yes
configure:4136: checking how to run the C preprocessor
configure:4176: i386-elf-doors-gcc -E  conftest.c
configure:4182: $? = 0
configure:4213: i386-elf-doors-gcc -E  conftest.c
conftest.c:10:28: error: ac_nonexistent.h: No such file or directory
configure:4219: $? = 1
configure: failed program was:
| /* confdefs.h.  */
| #define PACKAGE_NAME "doors-os"
| #define PACKAGE_TARNAME "doors-os"
| #define PACKAGE_VERSION "0.20"
| #define PACKAGE_STRING "doors-os 0.20"
| #define PACKAGE_BUGREPORT "thomas.epperson@gmail.com"
| #define PACKAGE "doors-os"
| #define VERSION "0.20"
| /* end confdefs.h.  */
| #include <ac_nonexistent.h>
configure:4252: result: i386-elf-doors-gcc -E
configure:4281: i386-elf-doors-gcc -E  conftest.c
configure:4287: $? = 0
configure:4318: i386-elf-doors-gcc -E  conftest.c
conftest.c:10:28: error: ac_nonexistent.h: No such file or directory
configure:4324: $? = 1
configure: failed program was:
| /* confdefs.h.  */
| #define PACKAGE_NAME "doors-os"
| #define PACKAGE_TARNAME "doors-os"
| #define PACKAGE_VERSION "0.20"
| #define PACKAGE_STRING "doors-os 0.20"
| #define PACKAGE_BUGREPORT "thomas.epperson@gmail.com"
| #define PACKAGE "doors-os"
| #define VERSION "0.20"
| /* end confdefs.h.  */
| #include <ac_nonexistent.h>
configure:4362: checking for grep that handles long lines and -e
configure:4436: result: /bin/grep
configure:4441: checking for egrep
configure:4519: result: /bin/grep -E
configure:4524: checking for ANSI C header files
configure:4554: i386-elf-doors-gcc -c -g -O2  conftest.c >&5
configure:4560: $? = 0
configure:4688: result: yes
configure:4712: checking for sys/types.h
configure:4733: i386-elf-doors-gcc -c -g -O2  conftest.c >&5
configure:4739: $? = 0
configure:4755: result: yes
configure:4712: checking for sys/stat.h
configure:4733: i386-elf-doors-gcc -c -g -O2  conftest.c >&5
configure:4739: $? = 0
configure:4755: result: yes
configure:4712: checking for stdlib.h
configure:4733: i386-elf-doors-gcc -c -g -O2  conftest.c >&5
configure:4739: $? = 0
configure:4755: result: yes
configure:4712: checking for string.h
configure:4733: i386-elf-doors-gcc -c -g -O2  conftest.c >&5
configure:4739: $? = 0
configure:4755: result: yes
configure:4712: checking for memory.h
configure:4733: i386-elf-doors-gcc -c -g -O2  conftest.c >&5
conftest.c:49:20: error: memory.h: No such file or directory
configure:4739: $? = 1
configure: failed program was:
| /* confdefs.h.  */
| #define PACKAGE_NAME "doors-os"
| #define PACKAGE_TARNAME "doors-os"
| #define PACKAGE_VERSION "0.20"
| #define PACKAGE_STRING "doors-os 0.20"
| #define PACKAGE_BUGREPORT "thomas.epperson@gmail.com"
| #define PACKAGE "doors-os"
| #define VERSION "0.20"
| #define STDC_HEADERS 1
| #define HAVE_SYS_TYPES_H 1
| #define HAVE_SYS_STAT_H 1
| #define HAVE_STDLIB_H 1
| #define HAVE_STRING_H 1
| /* end confdefs.h.  */
| #include <stdio.h>
| #ifdef HAVE_SYS_TYPES_H
| # include <sys/types.h>
| #endif
| #ifdef HAVE_SYS_STAT_H
| # include <sys/stat.h>
| #endif
| #ifdef STDC_HEADERS
| # include <stdlib.h>
| # include <stddef.h>
| #else
| # ifdef HAVE_STDLIB_H
| #  include <stdlib.h>
| # endif
| #endif
| #ifdef HAVE_STRING_H
| # if !defined STDC_HEADERS && defined HAVE_MEMORY_H
| #  include <memory.h>
| # endif
| # include <string.h>
| #endif
| #ifdef HAVE_STRINGS_H
| # include <strings.h>
| #endif
| #ifdef HAVE_INTTYPES_H
| # include <inttypes.h>
| #endif
| #ifdef HAVE_STDINT_H
| # include <stdint.h>
| #endif
| #ifdef HAVE_UNISTD_H
| # include <unistd.h>
| #endif
| 
| #include <memory.h>
configure:4755: result: no
configure:4712: checking for strings.h
configure:4733: i386-elf-doors-gcc -c -g -O2  conftest.c >&5
conftest.c:49:21: error: strings.h: No such file or directory
configure:4739: $? = 1
configure: failed program was:
| /* confdefs.h.  */
| #define PACKAGE_NAME "doors-os"
| #define PACKAGE_TARNAME "doors-os"
| #define PACKAGE_VERSION "0.20"
| #define PACKAGE_STRING "doors-os 0.20"
| #define PACKAGE_BUGREPORT "thomas.epperson@gmail.com"
| #define PACKAGE "doors-os"
| #define VERSION "0.20"
| #define STDC_HEADERS 1
| #define HAVE_SYS_TYPES_H 1
| #define HAVE_SYS_STAT_H 1
| #define HAVE_STDLIB_H 1
| #define HAVE_STRING_H 1
| /* end confdefs.h.  */
| #include <stdio.h>
| #ifdef HAVE_SYS_TYPES_H
| # include <sys/types.h>
| #endif
| #ifdef HAVE_SYS_STAT_H
| # include <sys/stat.h>
| #endif
| #ifdef STDC_HEADERS
| # include <stdlib.h>
| # include <stddef.h>
| #else
| # ifdef HAVE_STDLIB_H
| #  include <stdlib.h>
| # endif
| #endif
| #ifdef HAVE_STRING_H
| # if !defined STDC_HEADERS && defined HAVE_MEMORY_H
| #  include <memory.h>
| # endif
| # include <string.h>
| #endif
| #ifdef HAVE_STRINGS_H
| # include <strings.h>
| #endif
| #ifdef HAVE_INTTYPES_H
| # include <inttypes.h>
| #endif
| #ifdef HAVE_STDINT_H
| # include <stdint.h>
| #endif
| #ifdef HAVE_UNISTD_H
| # include <unistd.h>
| #endif
| 
| #include <strings.h>
configure:4755: result: no
configure:4712: checking for inttypes.h
configure:4733: i386-elf-doors-gcc -c -g -O2  conftest.c >&5
configure:4739: $? = 0
configure:4755: result: yes
configure:4712: checking for stdint.h
configure:4733: i386-elf-doors-gcc -c -g -O2  conftest.c >&5
configure:4739: $? = 0
configure:4755: result: yes
configure:4712: checking for unistd.h
configure:4733: i386-elf-doors-gcc -c -g -O2  conftest.c >&5
configure:4739: $? = 0
configure:4755: result: yes
configure:4767: checking for size_t
configure:4797: i386-elf-doors-gcc -c -g -O2  conftest.c >&5
configure:4803: $? = 0
configure:4818: result: yes
configure:4830: checking for working volatile
configure:4859: i386-elf-doors-gcc -c -g -O2  conftest.c >&5
configure:4865: $? = 0
configure:4880: result: yes
configure:5049: creating ./config.status

## ---------------- ##
## Cache variables. ##
## ---------------- ##

ac_cv_c_compiler_gnu=yes
ac_cv_c_const=yes
ac_cv_c_volatile=yes
ac_cv_cxx_compiler_gnu=yes
ac_cv_env_CCASFLAGS_set=
ac_cv_env_CCASFLAGS_value=
ac_cv_env_CCAS_set=
ac_cv_env_CCAS_value=
ac_cv_env_CCC_set=
ac_cv_env_CCC_value=
ac_cv_env_CC_set=
ac_cv_env_CC_value=
ac_cv_env_CFLAGS_set=
ac_cv_env_CFLAGS_value=
ac_cv_env_CPPFLAGS_set=
ac_cv_env_CPPFLAGS_value=
ac_cv_env_CPP_set=
ac_cv_env_CPP_value=
ac_cv_env_CXXFLAGS_set=
ac_cv_env_CXXFLAGS_value=
ac_cv_env_CXX_set=
ac_cv_env_CXX_value=
ac_cv_env_LDFLAGS_set=
ac_cv_env_LDFLAGS_value=
ac_cv_env_LIBS_set=
ac_cv_env_LIBS_value=
ac_cv_env_build_alias_set=
ac_cv_env_build_alias_value=
ac_cv_env_host_alias_set=set
ac_cv_env_host_alias_value=i386-elf-doors
ac_cv_env_target_alias_set=
ac_cv_env_target_alias_value=
ac_cv_header_inttypes_h=yes
ac_cv_header_memory_h=no
ac_cv_header_stdc=yes
ac_cv_header_stdint_h=yes
ac_cv_header_stdlib_h=yes
ac_cv_header_string_h=yes
ac_cv_header_strings_h=no
ac_cv_header_sys_stat_h=yes
ac_cv_header_sys_types_h=yes
ac_cv_header_unistd_h=yes
ac_cv_objext=o
ac_cv_path_EGREP='/bin/grep -E'
ac_cv_path_GREP=/bin/grep
ac_cv_path_install='/usr/bin/install -c'
ac_cv_path_mkdir=/bin/mkdir
ac_cv_prog_AWK=gawk
ac_cv_prog_CC=i386-elf-doors-gcc
ac_cv_prog_CPP='i386-elf-doors-gcc -E'
ac_cv_prog_CXX=i386-elf-doors-g++
ac_cv_prog_STRIP=i386-elf-doors-strip
ac_cv_prog_cc_c89=
ac_cv_prog_cc_g=yes
ac_cv_prog_cxx_g=yes
ac_cv_prog_make_make_set=yes
ac_cv_type_size_t=yes
am_cv_CCAS_dependencies_compiler_type=gcc3
am_cv_CC_dependencies_compiler_type=gcc3
am_cv_CXX_dependencies_compiler_type=gcc3

## ----------------- ##
## Output variables. ##
## ----------------- ##

							  x86/PIC.$(OBJEXT)				\
							  x86/debug.$(OBJEXT)'
							  x86/entrance.$(OBJEXT) 		\
							  x86/floppy.$(OBJEXT) 			\
							  x86/gdb-stub.$(OBJEXT)		\
							  x86/gdb-support.$(OBJEXT) 	\
							  x86/gdt.$(OBJEXT)				\
							  x86/interrupt_table.$(OBJEXT)	\
							  x86/keyboard.$(OBJEXT)		\
							  x86/main.$(OBJEXT)			\
							  x86/memory.$(OBJEXT)			\
							  x86/serial.$(OBJEXT)			\
							  x86/spinlock.$(OBJEXT)		\
							  x86/tss.$(OBJEXT)				\
							  x86/video.$(OBJEXT)			\
							  x86/vmm.$(OBJEXT)				\
ACLOCAL='${SHELL} /home/thomas/doors-os/kernel/missing --run aclocal-1.10'
AMDEPBACKSLASH='\'
AMDEP_FALSE='#'
AMDEP_TRUE=''
AMTAR='${SHELL} /home/thomas/doors-os/kernel/missing --run tar'
AUTOCONF='${SHELL} /home/thomas/doors-os/kernel/missing --run autoconf'
AUTOHEADER='${SHELL} /home/thomas/doors-os/kernel/missing --run autoheader'
AUTOMAKE='${SHELL} /home/thomas/doors-os/kernel/missing --run automake-1.10'
AWK='gawk'
BOOTIMAGE_CD_FALSE=''
BOOTIMAGE_CD_TRUE='#'
BOOTIMAGE_FLOPPY_FALSE=''
BOOTIMAGE_FLOPPY_TRUE='#'
CC='i386-elf-doors-gcc'
CCAS='i386-elf-doors-gcc'
CCASDEPMODE='depmode=gcc3'
CCASFLAGS='-g -O2'
CCDEPMODE='depmode=gcc3'
CFLAGS='-g -O2'
CPP='i386-elf-doors-gcc -E'
CPPFLAGS=''
CXX='i386-elf-doors-g++'
CXXDEPMODE='depmode=gcc3'
CXXFLAGS='-g -O2'
CYGPATH_W='echo'
DEBUG_FALSE='#'
DEBUG_TRUE=''
DEFS='-DHAVE_CONFIG_H'
DEPDIR='.deps'
ECHO_C=''
ECHO_N='-n'
ECHO_T=''
EGREP='/bin/grep -E'
EXEEXT=''
GREP='/bin/grep'
INSTALL_DATA='${INSTALL} -m 644'
INSTALL_PROGRAM='${INSTALL}'
INSTALL_SCRIPT='${INSTALL}'
INSTALL_STRIP_PROGRAM='$(install_sh) -c -s'
KERNEL_SYSTEM='x86/dma.$(OBJEXT)				\
LDFLAGS=''
LIBOBJS=''
LIBS=''
LTLIBOBJS=''
MAKEINFO='${SHELL} /home/thomas/doors-os/kernel/missing --run makeinfo'
OBJEXT='o'
PACKAGE='doors-os'
PACKAGE_BUGREPORT='thomas.epperson@gmail.com'
PACKAGE_NAME='doors-os'
PACKAGE_STRING='doors-os 0.20'
PACKAGE_TARNAME='doors-os'
PACKAGE_VERSION='0.20'
PATH_SEPARATOR=':'
SET_MAKE=''
SHELL='/bin/sh'
STRIP='i386-elf-doors-strip'
VERSION='0.20'
X86_FALSE='#'
X86_TRUE=''
ac_ct_CC=''
ac_ct_CXX=''
am__fastdepCCAS_FALSE='#'
am__fastdepCCAS_TRUE=''
am__fastdepCC_FALSE='#'
am__fastdepCC_TRUE=''
am__fastdepCXX_FALSE='#'
am__fastdepCXX_TRUE=''
am__include='include'
am__isrc=''
am__leading_dot='.'
am__quote=''
am__tar='${AMTAR} chof - "$$tardir"'
am__untar='${AMTAR} xf -'
bindir='${exec_prefix}/bin'
build_alias=''
datadir='${datarootdir}'
datarootdir='${prefix}/share'
docdir='${datarootdir}/doc/${PACKAGE_TARNAME}'
dvidir='${docdir}'
exec_prefix='${prefix}'
host_alias='i386-elf-doors'
htmldir='${docdir}'
includedir='${prefix}/include'
infodir='${datarootdir}/info'
install_sh='$(SHELL) /home/thomas/doors-os/kernel/install-sh'
libdir='${exec_prefix}/lib'
libexecdir='${exec_prefix}/libexec'
localedir='${datarootdir}/locale'
localstatedir='${prefix}/var'
mandir='${datarootdir}/man'
mkdir_p='/bin/mkdir -p'
oldincludedir='/usr/include'
pdfdir='${docdir}'
prefix='/usr/local'
program_transform_name='s,x,x,'
psdir='${docdir}'
sbindir='${exec_prefix}/sbin'
sharedstatedir='${prefix}/com'
sysconfdir='${prefix}/etc'
target_alias=''

## ----------- ##
## confdefs.h. ##
## ----------- ##

#define PACKAGE_NAME "doors-os"
#define PACKAGE_TARNAME "doors-os"
#define PACKAGE_VERSION "0.20"
#define PACKAGE_STRING "doors-os 0.20"
#define PACKAGE_BUGREPORT "thomas.epperson@gmail.com"
#define PACKAGE "doors-os"
#define VERSION "0.20"
#define STDC_HEADERS 1
#define HAVE_SYS_TYPES_H 1
#define HAVE_SYS_STAT_H 1
#define HAVE_STDLIB_H 1
#define HAVE_STRING_H 1
#define HAVE_INTTYPES_H 1
#define HAVE_STDINT_H 1
#define HAVE_UNISTD_H 1

configure: exit 0

## ---------------------- ##
## Running config.status. ##
## ---------------------- ##

This file was extended by doors-os config.status 0.20, which was
generated by GNU Autoconf 2.61.  Invocation command line was

  CONFIG_FILES    = 
  CONFIG_HEADERS  = 
  CONFIG_LINKS    = 
  CONFIG_COMMANDS = 
  $ ./config.status 

on epperson-tough

config.status:676: creating Makefile
config.status:676: creating src/Makefile
config.status:676: creating loader/Makefile
config.status:676: creating config.h
config.status:900: config.h is unchanged
config.status:946: executing depfiles commands

## ---------------------- ##
## Running config.status. ##
## ---------------------- ##

This file was extended by doors-os config.status 0.20, which was
generated by GNU Autoconf 2.61.  Invocation command line was

  CONFIG_FILES    = 
  CONFIG_HEADERS  = 
  CONFIG_LINKS    = 
  CONFIG_COMMANDS = 
  $ ./config.status config.h

on epperson-tough

config.status:676: creating config.h
config.status:900: config.h is unchanged
